This is pdfTeX, Version 3.141592653-2.6-1.40.25 (TeX Live 2023) (preloaded format=pdflatex 2024.2.28)  22 JUL 2024 10:27
entering extended mode
 restricted \write18 enabled.
 %&-line parsing enabled.
**tikze0c82a4a576e.tex
(./tikze0c82a4a576e.tex
LaTeX2e <2023-11-01> patch level 1
L3 programming layer <2024-02-20>

! LaTeX Error: File `standalone.cls' not found.

Type X to quit or <RETURN> to proceed,
or enter new name. (Default extension: cls)

Enter file name: 
! Emergency stop.
<read *> 
         
l.5 \usepackage
               {amsmath}^^M 
Here is how much of TeX's memory you used:
 21 strings out of 476097
 507 string characters out of 5792919
 1925187 words of memory out of 5000000
 22207 multiletter control sequences out of 15000+600000
 558069 words of font info for 36 fonts, out of 8000000 for 9000
 14 hyphenation exceptions out of 8191
 19i,0n,29p,76b,17s stack positions out of 10000i,1000n,20000p,200000b,200000s

!  ==> Fatal error occurred, no output PDF file produced!
